0 info it worked if it ends with ok
1 verbose cli [ '/Users/bonnieso/.nvm/versions/node/v0.12.4/bin/node',
1 verbose cli   '/Users/bonnieso/.nvm/versions/node/v0.12.4/bin/npm',
1 verbose cli   'install',
1 verbose cli   '--save',
1 verbose cli   'request',
1 verbose cli   'MD5',
1 verbose cli   'firebase' ]
2 info using npm@2.10.1
3 info using node@v0.12.4
4 verbose install initial load of /Users/bonnieso/Desktop/node-apis/package.json
5 verbose installManyTop reading scoped package data from /Users/bonnieso/Desktop/node-apis/node_modules/MD5/package.json
6 verbose installManyTop reading scoped package data from /Users/bonnieso/Desktop/node-apis/node_modules/request/package.json
7 verbose readDependencies loading dependencies from /Users/bonnieso/Desktop/node-apis/package.json
8 verbose install request is installed as 2.58.0
9 silly cache add args [ 'request@^2.58.0', null ]
10 verbose cache add spec request@^2.58.0
11 verbose install MD5 is installed as 1.2.2
12 silly cache add args [ 'MD5@^1.2.2', null ]
13 verbose cache add spec MD5@^1.2.2
14 silly cache add args [ 'firebase', null ]
15 verbose cache add spec firebase
16 silly cache add parsed spec { raw: 'request@^2.58.0',
16 silly cache add   scope: null,
16 silly cache add   name: 'request',
16 silly cache add   rawSpec: '^2.58.0',
16 silly cache add   spec: '>=2.58.0 <3.0.0',
16 silly cache add   type: 'range' }
17 silly addNamed request@>=2.58.0 <3.0.0
18 verbose addNamed ">=2.58.0 <3.0.0" is a valid semver range for request
19 silly addNameRange { name: 'request', range: '>=2.58.0 <3.0.0', hasData: false }
20 silly mapToRegistry name request
21 silly mapToRegistry using default registry
22 silly mapToRegistry registry https://registry.npmjs.org/
23 silly mapToRegistry uri https://registry.npmjs.org/request
24 verbose addNameRange registry:https://registry.npmjs.org/request not in flight; fetching
25 silly cache add parsed spec { raw: 'MD5@^1.2.2',
25 silly cache add   scope: null,
25 silly cache add   name: 'MD5',
25 silly cache add   rawSpec: '^1.2.2',
25 silly cache add   spec: '>=1.2.2 <2.0.0',
25 silly cache add   type: 'range' }
26 silly addNamed MD5@>=1.2.2 <2.0.0
27 verbose addNamed ">=1.2.2 <2.0.0" is a valid semver range for MD5
28 silly addNameRange { name: 'MD5', range: '>=1.2.2 <2.0.0', hasData: false }
29 silly mapToRegistry name MD5
30 silly mapToRegistry using default registry
31 silly mapToRegistry registry https://registry.npmjs.org/
32 silly mapToRegistry uri https://registry.npmjs.org/MD5
33 verbose addNameRange registry:https://registry.npmjs.org/MD5 not in flight; fetching
34 silly cache add parsed spec { raw: 'firebase',
34 silly cache add   scope: null,
34 silly cache add   name: 'firebase',
34 silly cache add   rawSpec: '',
34 silly cache add   spec: '*',
34 silly cache add   type: 'range' }
35 silly addNamed firebase@*
36 verbose addNamed "*" is a valid semver range for firebase
37 silly addNameRange { name: 'firebase', range: '*', hasData: false }
38 silly mapToRegistry name firebase
39 silly mapToRegistry using default registry
40 silly mapToRegistry registry https://registry.npmjs.org/
41 silly mapToRegistry uri https://registry.npmjs.org/firebase
42 verbose addNameRange registry:https://registry.npmjs.org/firebase not in flight; fetching
43 verbose request uri https://registry.npmjs.org/MD5
44 verbose request no auth needed
45 info attempt registry request try #1 at 3:19:44 PM
46 verbose request id 852458ae75ae0e31
47 http request GET https://registry.npmjs.org/MD5
48 verbose request uri https://registry.npmjs.org/firebase
49 verbose request no auth needed
50 info attempt registry request try #1 at 3:19:44 PM
51 verbose etag "11WCQV8D71TNM170C4U6I07QE"
52 http request GET https://registry.npmjs.org/firebase
53 verbose request uri https://registry.npmjs.org/request
54 verbose request no auth needed
55 info attempt registry request try #1 at 3:19:44 PM
56 verbose etag "6LGMG7F01CV1F9W28Y5ES5F5W"
57 http request GET https://registry.npmjs.org/request
58 http 304 https://registry.npmjs.org/firebase
59 silly get cb [ 304,
59 silly get   { date: 'Wed, 24 Jun 2015 22:17:33 GMT',
59 silly get     via: '1.1 varnish',
59 silly get     'cache-control': 'max-age=60',
59 silly get     etag: '"11WCQV8D71TNM170C4U6I07QE"',
59 silly get     age: '5',
59 silly get     connection: 'keep-alive',
59 silly get     'x-served-by': 'cache-lax1431-LAX',
59 silly get     'x-cache': 'HIT',
59 silly get     'x-cache-hits': '1',
59 silly get     'x-timer': 'S1435184253.184580,VS0,VE0',
59 silly get     vary: 'Accept' } ]
60 verbose etag https://registry.npmjs.org/firebase from cache
61 verbose get saving firebase to /Users/bonnieso/.npm/registry.npmjs.org/firebase/.cache.json
62 silly addNameRange number 2 { name: 'firebase', range: '*', hasData: true }
63 silly addNameRange versions [ 'firebase',
63 silly addNameRange   [ '0.0.0',
63 silly addNameRange     '0.5.0',
63 silly addNameRange     '0.5.1',
63 silly addNameRange     '0.5.2',
63 silly addNameRange     '0.5.3',
63 silly addNameRange     '0.5.4',
63 silly addNameRange     '0.6.0',
63 silly addNameRange     '0.6.1',
63 silly addNameRange     '0.6.2',
63 silly addNameRange     '0.6.3',
63 silly addNameRange     '0.6.4',
63 silly addNameRange     '0.6.5',
63 silly addNameRange     '0.6.6',
63 silly addNameRange     '0.6.7',
63 silly addNameRange     '0.6.8',
63 silly addNameRange     '0.6.9',
63 silly addNameRange     '0.6.10',
63 silly addNameRange     '0.6.11',
63 silly addNameRange     '0.6.14',
63 silly addNameRange     '0.6.15',
63 silly addNameRange     '0.6.16',
63 silly addNameRange     '0.6.17',
63 silly addNameRange     '0.6.19',
63 silly addNameRange     '0.6.21',
63 silly addNameRange     '0.6.22',
63 silly addNameRange     '1.0.1',
63 silly addNameRange     '1.0.1-npm',
63 silly addNameRange     '1.0.2',
63 silly addNameRange     '1.0.3',
63 silly addNameRange     '1.0.4',
63 silly addNameRange     '1.0.5',
63 silly addNameRange     '1.0.10',
63 silly addNameRange     '1.0.10-2',
63 silly addNameRange     '1.0.11',
63 silly addNameRange     '1.0.12',
63 silly addNameRange     '1.0.13',
63 silly addNameRange     '1.0.14',
63 silly addNameRange     '1.0.15',
63 silly addNameRange     '1.0.15-2',
63 silly addNameRange     '1.0.15-3',
63 silly addNameRange     '1.0.17',
63 silly addNameRange     '1.0.18',
63 silly addNameRange     '1.0.19',
63 silly addNameRange     '1.0.20',
63 silly addNameRange     '1.0.21',
63 silly addNameRange     '1.0.23',
63 silly addNameRange     '1.0.24',
63 silly addNameRange     '1.1.0',
63 silly addNameRange     '1.1.1',
63 silly addNameRange     '1.1.2',
63 silly addNameRange     '1.2.0-beta.1-0',
63 silly addNameRange     '1.2.0-beta.2',
63 silly addNameRange     '1.1.3',
63 silly addNameRange     '1.2.0-beta.3',
63 silly addNameRange     '2.0.0',
63 silly addNameRange     '2.0.1',
63 silly addNameRange     '2.0.2',
63 silly addNameRange     '2.0.3',
63 silly addNameRange     '2.0.4',
63 silly addNameRange     '2.0.5',
63 silly addNameRange     '2.0.6',
63 silly addNameRange     '2.1.0',
63 silly addNameRange     '2.1.1',
63 silly addNameRange     '2.1.2',
63 silly addNameRange     '1.2.0',
63 silly addNameRange     '2.2.0',
63 silly addNameRange     '2.2.1',
63 silly addNameRange     '2.2.2',
63 silly addNameRange     '2.2.3',
63 silly addNameRange     '2.2.4',
63 silly addNameRange     '2.2.5',
63 silly addNameRange     '2.2.6',
63 silly addNameRange     '2.2.7' ] ]
64 silly addNamed firebase@2.2.7
65 verbose addNamed "2.2.7" is a plain semver version for firebase
66 http 200 https://registry.npmjs.org/MD5
67 silly get cb [ 200,
67 silly get   { server: 'CouchDB/1.5.0 (Erlang OTP/R16B03)',
67 silly get     etag: '"F54D0JGNNUE3H1KT87RJJPICZ"',
67 silly get     'content-type': 'application/json',
67 silly get     'cache-control': 'max-age=60',
67 silly get     'content-length': '12308',
67 silly get     'accept-ranges': 'bytes',
67 silly get     date: 'Wed, 24 Jun 2015 22:17:33 GMT',
67 silly get     via: '1.1 varnish',
67 silly get     age: '52',
67 silly get     connection: 'keep-alive',
67 silly get     'x-served-by': 'cache-lax1432-LAX',
67 silly get     'x-cache': 'HIT',
67 silly get     'x-cache-hits': '1',
67 silly get     'x-timer': 'S1435184253.181029,VS0,VE0',
67 silly get     vary: 'Accept' } ]
68 verbose get saving MD5 to /Users/bonnieso/.npm/registry.npmjs.org/MD5/.cache.json
69 silly cache afterAdd firebase@2.2.7
70 verbose afterAdd /Users/bonnieso/.npm/firebase/2.2.7/package/package.json not in flight; writing
71 silly addNameRange number 2 { name: 'MD5', range: '>=1.2.2 <2.0.0', hasData: true }
72 silly addNameRange versions [ 'MD5',
72 silly addNameRange   [ '0.0.0',
72 silly addNameRange     '1.0.0',
72 silly addNameRange     '1.0.1',
72 silly addNameRange     '1.0.2',
72 silly addNameRange     '1.0.3',
72 silly addNameRange     '1.1.0',
72 silly addNameRange     '1.2.0',
72 silly addNameRange     '1.2.1',
72 silly addNameRange     '1.2.2' ] ]
73 silly addNamed MD5@1.2.2
74 verbose addNamed "1.2.2" is a plain semver version for MD5
75 verbose afterAdd /Users/bonnieso/.npm/firebase/2.2.7/package/package.json written
76 silly mapToRegistry name MD5
77 silly mapToRegistry using default registry
78 silly mapToRegistry registry https://registry.npmjs.org/
79 silly mapToRegistry uri https://registry.npmjs.org/MD5
80 verbose addRemoteTarball https://registry.npmjs.org/MD5/-/MD5-1.2.2.tgz not in flight; adding
81 verbose addRemoteTarball [ 'https://registry.npmjs.org/MD5/-/MD5-1.2.2.tgz',
81 verbose addRemoteTarball   'd903c8ec5ba223cd2b80432824881d04bb9841c0' ]
82 info retry fetch attempt 1 at 3:19:45 PM
83 info attempt registry request try #1 at 3:19:45 PM
84 http fetch GET https://registry.npmjs.org/MD5/-/MD5-1.2.2.tgz
85 http fetch 200 https://registry.npmjs.org/MD5/-/MD5-1.2.2.tgz
86 silly fetchAndShaCheck shasum d903c8ec5ba223cd2b80432824881d04bb9841c0
87 http 200 https://registry.npmjs.org/request
88 silly get cb [ 200,
88 silly get   { server: 'CouchDB/1.5.0 (Erlang OTP/R16B03)',
88 silly get     etag: '"31UMU57P85HIFKQBPQYY9LN8C"',
88 silly get     'content-type': 'application/json',
88 silly get     'cache-control': 'max-age=60',
88 silly get     'content-length': '155255',
88 silly get     'accept-ranges': 'bytes',
88 silly get     date: 'Wed, 24 Jun 2015 22:17:33 GMT',
88 silly get     via: '1.1 varnish',
88 silly get     age: '2',
88 silly get     connection: 'keep-alive',
88 silly get     'x-served-by': 'cache-lax1429-LAX',
88 silly get     'x-cache': 'HIT',
88 silly get     'x-cache-hits': '1',
88 silly get     'x-timer': 'S1435184253.180401,VS0,VE1',
88 silly get     vary: 'Accept' } ]
89 verbose get saving request to /Users/bonnieso/.npm/registry.npmjs.org/request/.cache.json
90 verbose addTmpTarball /var/folders/lm/7srd7zj14qq8wl8hyb53hx040000gn/T/npm-68339-0ed454a4/registry.npmjs.org/MD5/-/MD5-1.2.2.tgz not in flight; adding
91 verbose addTmpTarball already have metadata; skipping unpack for MD5@1.2.2
92 silly addNameRange number 2 { name: 'request', range: '>=2.58.0 <3.0.0', hasData: true }
93 silly addNameRange versions [ 'request',
93 silly addNameRange   [ '0.10.0',
93 silly addNameRange     '0.8.3',
93 silly addNameRange     '0.9.0',
93 silly addNameRange     '0.9.1',
93 silly addNameRange     '0.9.5',
93 silly addNameRange     '1.0.0',
93 silly addNameRange     '1.1.0',
93 silly addNameRange     '1.1.1',
93 silly addNameRange     '1.2.0',
93 silly addNameRange     '1.9.0',
93 silly addNameRange     '1.9.1',
93 silly addNameRange     '1.9.2',
93 silly addNameRange     '1.9.3',
93 silly addNameRange     '1.9.5',
93 silly addNameRange     '1.9.7',
93 silly addNameRange     '1.9.8',
93 silly addNameRange     '1.9.9',
93 silly addNameRange     '2.0.0',
93 silly addNameRange     '2.0.1',
93 silly addNameRange     '2.0.2',
93 silly addNameRange     '2.0.3',
93 silly addNameRange     '2.0.4',
93 silly addNameRange     '2.0.5',
93 silly addNameRange     '2.1.0',
93 silly addNameRange     '2.1.1',
93 silly addNameRange     '2.2.0',
93 silly addNameRange     '2.2.5',
93 silly addNameRange     '2.2.6',
93 silly addNameRange     '2.2.9',
93 silly addNameRange     '2.9.0',
93 silly addNameRange     '2.9.1',
93 silly addNameRange     '2.9.2',
93 silly addNameRange     '2.9.3',
93 silly addNameRange     '2.9.100',
93 silly addNameRange     '2.9.150',
93 silly addNameRange     '2.9.151',
93 silly addNameRange     '2.9.152',
93 silly addNameRange     '2.9.153',
93 silly addNameRange     '2.9.200',
93 silly addNameRange     '2.9.201',
93 silly addNameRange     '2.9.202',
93 silly addNameRange     '2.9.203',
93 silly addNameRange     '2.10.0',
93 silly addNameRange     '2.11.0',
93 silly addNameRange     '2.11.1',
93 silly addNameRange     '2.11.2',
93 silly addNameRange     '2.11.3',
93 silly addNameRange     '2.11.4',
93 silly addNameRange     '2.12.0',
93 silly addNameRange     '2.14.0',
93 silly addNameRange     '2.16.0',
93 silly addNameRange     '2.16.2',
93 silly addNameRange     '2.16.4',
93 silly addNameRange     '2.16.6',
93 silly addNameRange     '2.18.0',
93 silly addNameRange     '2.19.0',
93 silly addNameRange     '2.20.0',
93 silly addNameRange     '2.21.0',
93 silly addNameRange     '2.22.0',
93 silly addNameRange     '2.23.0',
93 silly addNameRange     '2.24.0',
93 silly addNameRange     '2.25.0',
93 silly addNameRange     '2.26.0',
93 silly addNameRange     '2.27.0',
93 silly addNameRange     '2.28.0',
93 silly addNameRange     '2.29.0',
93 silly addNameRange     '2.30.0',
93 silly addNameRange     '2.31.0',
93 silly addNameRange     '2.32.0',
93 silly addNameRange     '2.33.0',
93 silly addNameRange     '2.34.0',
93 silly addNameRange     '2.35.0',
93 silly addNameRange     '2.36.0',
93 silly addNameRange     '2.37.0',
93 silly addNameRange     '2.38.0',
93 silly addNameRange     '2.39.0',
93 silly addNameRange     '2.40.0',
93 silly addNameRange     '2.41.0',
93 silly addNameRange     '2.42.0',
93 silly addNameRange     '2.43.0',
93 silly addNameRange     '2.44.0',
93 silly addNameRange     '2.45.0',
93 silly addNameRange     '2.46.0',
93 silly addNameRange     '2.47.0',
93 silly addNameRange     '2.48.0',
93 silly addNameRange     '2.49.0',
93 silly addNameRange     '2.50.0',
93 silly addNameRange     '2.51.0',
93 silly addNameRange     '2.52.0',
93 silly addNameRange     '2.53.0',
93 silly addNameRange     '2.54.0',
93 silly addNameRange     '2.55.0',
93 silly addNameRange     '2.56.0',
93 silly addNameRange     '2.57.0',
93 silly addNameRange     '2.58.0' ] ]
94 silly addNamed request@2.58.0
95 verbose addNamed "2.58.0" is a plain semver version for request
96 silly cache afterAdd MD5@1.2.2
97 verbose afterAdd /Users/bonnieso/.npm/MD5/1.2.2/package/package.json not in flight; writing
98 silly cache afterAdd request@2.58.0
99 verbose afterAdd /Users/bonnieso/.npm/request/2.58.0/package/package.json not in flight; writing
100 verbose afterAdd /Users/bonnieso/.npm/MD5/1.2.2/package/package.json written
101 verbose afterAdd /Users/bonnieso/.npm/request/2.58.0/package/package.json written
102 silly install resolved [ { author: { name: 'Firebase' },
102 silly install resolved     email: 'operations@firebase.com',
102 silly install resolved     name: 'firebase',
102 silly install resolved     description: 'Firebase library for Node.js',
102 silly install resolved     version: '2.2.7',
102 silly install resolved     main: './lib/firebase-node.js',
102 silly install resolved     browser: './lib/firebase-web.js',
102 silly install resolved     scripts: { test: 'echo "Error: no test specified" && exit 1' },
102 silly install resolved     keywords: [ 'Firebase', 'synchronization', 'real-time', 'websocket' ],
102 silly install resolved     dependencies: { 'faye-websocket': '>=0.6.0' },
102 silly install resolved     repository: { type: 'none', url: 'https://www.firebase.com/' },
102 silly install resolved     _id: 'firebase@2.2.7',
102 silly install resolved     _shasum: 'f20453c86e355624fbcde993e35e04ce6e0a8e49',
102 silly install resolved     _from: 'firebase@*',
102 silly install resolved     _npmVersion: '2.7.5',
102 silly install resolved     _nodeVersion: '0.10.38',
102 silly install resolved     _npmUser: { name: 'firebase', email: 'operations@firebase.com' },
102 silly install resolved     maintainers: [ [Object] ],
102 silly install resolved     dist:
102 silly install resolved      { shasum: 'f20453c86e355624fbcde993e35e04ce6e0a8e49',
102 silly install resolved        tarball: 'http://registry.npmjs.org/firebase/-/firebase-2.2.7.tgz' },
102 silly install resolved     directories: {},
102 silly install resolved     _resolved: 'https://registry.npmjs.org/firebase/-/firebase-2.2.7.tgz',
102 silly install resolved     readme: 'ERROR: No README data found!' },
102 silly install resolved   { author:
102 silly install resolved      { name: 'Paul Vorbach',
102 silly install resolved        email: 'paul@vorb.de',
102 silly install resolved        url: 'http://vorb.de' },
102 silly install resolved     contributors: [ [Object] ],
102 silly install resolved     name: 'MD5',
102 silly install resolved     description: 'native js function for hashing messages with MD5',
102 silly install resolved     tags: [ 'md5', 'hash', 'encryption', 'native', 'message digest' ],
102 silly install resolved     version: '1.2.2',
102 silly install resolved     repository: { type: 'git', url: 'git://github.com/pvorb/node-md5.git' },
102 silly install resolved     bugs: { url: 'https://github.com/pvorb/node-md5/issues' },
102 silly install resolved     main: 'md5.js',
102 silly install resolved     scripts: { test: 'mocha' },
102 silly install resolved     engines: { node: '*' },
102 silly install resolved     dependencies: { charenc: '>= 0.0.1', crypt: '>= 0.0.1' },
102 silly install resolved     devDependencies: { mocha: '~ 1.4.2' },
102 silly install resolved     optionalDependencies: {},
102 silly install resolved     license: 'BSD-3-Clause',
102 silly install resolved     gitHead: 'b55cf784a7c216354e1f51dec06910403f2a49e7',
102 silly install resolved     homepage: 'https://github.com/pvorb/node-md5',
102 silly install resolved     _id: 'MD5@1.2.2',
102 silly install resolved     _shasum: 'd903c8ec5ba223cd2b80432824881d04bb9841c0',
102 silly install resolved     _from: 'MD5@>=1.2.2 <2.0.0',
102 silly install resolved     _npmVersion: '1.4.14',
102 silly install resolved     _npmUser: { name: 'pvorb', email: 'paul@vorba.ch' },
102 silly install resolved     maintainers: [ [Object] ],
102 silly install resolved     dist:
102 silly install resolved      { shasum: 'd903c8ec5ba223cd2b80432824881d04bb9841c0',
102 silly install resolved        tarball: 'http://registry.npmjs.org/MD5/-/MD5-1.2.2.tgz' },
102 silly install resolved     directories: {},
102 silly install resolved     _resolved: 'https://registry.npmjs.org/MD5/-/MD5-1.2.2.tgz' },
102 silly install resolved   { name: 'request',
102 silly install resolved     description: 'Simplified HTTP request client.',
102 silly install resolved     tags: [ 'http', 'simple', 'util', 'utility' ],
102 silly install resolved     version: '2.58.0',
102 silly install resolved     author: { name: 'Mikeal Rogers', email: 'mikeal.rogers@gmail.com' },
102 silly install resolved     repository:
102 silly install resolved      { type: 'git',
102 silly install resolved        url: 'git+https://github.com/request/request.git' },
102 silly install resolved     bugs: { url: 'http://github.com/request/request/issues' },
102 silly install resolved     license: 'Apache-2.0',
102 silly install resolved     engines: { node: '>=0.8.0' },
102 silly install resolved     main: 'index.js',
102 silly install resolved     dependencies:
102 silly install resolved      { bl: '~0.9.0',
102 silly install resolved        caseless: '~0.10.0',
102 silly install resolved        extend: '~2.0.1',
102 silly install resolved        'forever-agent': '~0.6.0',
102 silly install resolved        'form-data': '~1.0.0-rc1',
102 silly install resolved        'json-stringify-safe': '~5.0.0',
102 silly install resolved        'mime-types': '~2.0.1',
102 silly install resolved        'node-uuid': '~1.4.0',
102 silly install resolved        qs: '~3.1.0',
102 silly install resolved        'tunnel-agent': '~0.4.0',
102 silly install resolved        'tough-cookie': '>=0.12.0',
102 silly install resolved        'http-signature': '~0.11.0',
102 silly install resolved        'oauth-sign': '~0.8.0',
102 silly install resolved        hawk: '~2.3.0',
102 silly install resolved        'aws-sign2': '~0.5.0',
102 silly install resolved        stringstream: '~0.0.4',
102 silly install resolved        'combined-stream': '~1.0.1',
102 silly install resolved        isstream: '~0.1.1',
102 silly install resolved        'har-validator': '^1.6.1' },
102 silly install resolved     scripts:
102 silly install resolved      { test: 'npm run lint && npm run test-ci && npm run test-browser',
102 silly install resolved        'test-ci': 'taper tests/test-*.js',
102 silly install resolved        'test-cov': 'istanbul cover tape tests/test-*.js',
102 silly install resolved        'test-browser': 'node tests/browser/start.js',
102 silly install resolved        lint: 'eslint lib/ *.js tests/ && echo Lint passed.' },
102 silly install resolved     devDependencies:
102 silly install resolved      { browserify: '~5.9.1',
102 silly install resolved        'browserify-istanbul': '~0.1.3',
102 silly install resolved        'buffer-equal': '0.0.1',
102 silly install resolved        'codecov.io': '~0.1.2',
102 silly install resolved        coveralls: '~2.11.2',
102 silly install resolved        eslint: '0.18.0',
102 silly install resolved        'function-bind': '~1.0.0',
102 silly install resolved        istanbul: '~0.3.2',
102 silly install resolved        karma: '~0.12.21',
102 silly install resolved        'karma-browserify': '~3.0.1',
102 silly install resolved        'karma-cli': '0.0.4',
102 silly install resolved        'karma-coverage': '0.2.6',
102 silly install resolved        'karma-phantomjs-launcher': '~0.1.4',
102 silly install resolved        'karma-tap': '~1.0.1',
102 silly install resolved        rimraf: '~2.2.8',
102 silly install resolved        'server-destroy': '~1.0.0',
102 silly install resolved        tape: '~3.0.0',
102 silly install resolved        taper: '~0.4.0',
102 silly install resolved        bluebird: '~2.9.21' },
102 silly install resolved     gitHead: 'ab40f9e61f813f9cc68257c17621b7879561486c',
102 silly install resolved     homepage: 'https://github.com/request/request#readme',
102 silly install resolved     _id: 'request@2.58.0',
102 silly install resolved     _shasum: 'b5f49c0b94aab7fad388612a1fb6ad03b6cc1580',
102 silly install resolved     _from: 'request@>=2.58.0 <3.0.0',
102 silly install resolved     _npmVersion: '2.10.1',
102 silly install resolved     _nodeVersion: '0.12.4',
102 silly install resolved     _npmUser: { name: 'simov', email: 'simeonvelichkov@gmail.com' },
102 silly install resolved     maintainers: [ [Object], [Object], [Object], [Object] ],
102 silly install resolved     dist:
102 silly install resolved      { shasum: 'b5f49c0b94aab7fad388612a1fb6ad03b6cc1580',
102 silly install resolved        tarball: 'http://registry.npmjs.org/request/-/request-2.58.0.tgz' },
102 silly install resolved     directories: {},
102 silly install resolved     _resolved: 'https://registry.npmjs.org/request/-/request-2.58.0.tgz',
102 silly install resolved     readme: 'ERROR: No README data found!' } ]
103 info install firebase@2.2.7 into /Users/bonnieso/Desktop/node-apis
104 info install MD5@1.2.2 into /Users/bonnieso/Desktop/node-apis
105 info install request@2.58.0 into /Users/bonnieso/Desktop/node-apis
106 info installOne firebase@2.2.7
107 verbose installOne of firebase to /Users/bonnieso/Desktop/node-apis not in flight; installing
108 info installOne MD5@1.2.2
109 verbose installOne of MD5 to /Users/bonnieso/Desktop/node-apis not in flight; installing
110 info installOne request@2.58.0
111 verbose installOne of request to /Users/bonnieso/Desktop/node-apis not in flight; installing
112 warn locking Error: EACCES, open '/Users/bonnieso/.npm/_locks/firebase-4883709468b6a5f7.lock'
112 warn locking     at Error (native)
112 warn locking  /Users/bonnieso/.npm/_locks/firebase-4883709468b6a5f7.lock failed { [Error: EACCES, open '/Users/bonnieso/.npm/_locks/firebase-4883709468b6a5f7.lock']
112 warn locking   errno: -13,
112 warn locking   code: 'EACCES',
112 warn locking   path: '/Users/bonnieso/.npm/_locks/firebase-4883709468b6a5f7.lock' }
113 verbose stack Error: Attempt to unlock /Users/bonnieso/Desktop/node-apis/node_modules/firebase, which hasn't been locked
113 verbose stack     at unlock (/Users/bonnieso/.nvm/versions/node/v0.12.4/lib/node_modules/npm/lib/utils/locker.js:66:11)
113 verbose stack     at cb (/Users/bonnieso/.nvm/versions/node/v0.12.4/lib/node_modules/npm/lib/install.js:1017:5)
113 verbose stack     at /Users/bonnieso/.nvm/versions/node/v0.12.4/lib/node_modules/npm/lib/install.js:1021:20
113 verbose stack     at /Users/bonnieso/.nvm/versions/node/v0.12.4/lib/node_modules/npm/lib/utils/locker.js:40:9
113 verbose stack     at cb (/Users/bonnieso/.nvm/versions/node/v0.12.4/lib/node_modules/npm/node_modules/lockfile/lockfile.js:149:38)
113 verbose stack     at /Users/bonnieso/.nvm/versions/node/v0.12.4/lib/node_modules/npm/node_modules/lockfile/lockfile.js:177:38
113 verbose stack     at FSReqWrap.oncomplete (fs.js:95:15)
114 verbose cwd /Users/bonnieso/Desktop/node-apis
115 error Darwin 14.3.0
116 error argv "/Users/bonnieso/.nvm/versions/node/v0.12.4/bin/node" "/Users/bonnieso/.nvm/versions/node/v0.12.4/bin/npm" "install" "--save" "request" "MD5" "firebase"
117 error node v0.12.4
118 error npm  v2.10.1
119 error Attempt to unlock /Users/bonnieso/Desktop/node-apis/node_modules/firebase, which hasn't been locked
120 error If you need help, you may report this error at:
120 error     <https://github.com/npm/npm/issues>
121 verbose exit [ 1, true ]
